<?xml version="1.0" encoding="UTF-8"?>
<coverage generated="1584408633743" clover="3.2.0">
  <project timestamp="1584408633743" name="All files">
    <metrics statements="7" coveredstatements="7" conditionals="3" coveredconditionals="0" methods="2" coveredmethods="2" elements="12" coveredelements="9" complexity="0" loc="7" ncloc="7" packages="1" files="2" classes="2"/>
    <file name="createResponse.js" path="/Users/janellemellor/alchemy/career-track/http-with-net/lib/utils/createResponse.js">
      <metrics statements="2" coveredstatements="2" conditionals="3" coveredconditionals="0" methods="1" coveredmethods="1"/>
      <line num="1" count="1" type="cond" truecount="0" falsecount="3"/>
      <line num="2" count="1" type="stmt"/>
    </file>
    <file name="parseRequest.js" path="/Users/janellemellor/alchemy/career-track/http-with-net/lib/utils/parseRequest.js">
      <metrics statements="5" coveredstatements="5" conditionals="0" coveredconditionals="0" methods="1" coveredmethods="1"/>
      <line num="1" count="1" type="stmt"/>
      <line num="2" count="2" type="stmt"/>
      <line num="4" count="2" type="stmt"/>
      <line num="6" count="2" type="stmt"/>
      <line num="8" count="2" type="stmt"/>
    </file>
  </project>
</coverage>
