{"/Users/janellemellor/alchemy/career-track/http-with-net/lib/app.js": {"path":"/Users/janellemellor/alchemy/career-track/http-with-net/lib/app.js","statementMap":{"0":{"start":{"line":1,"column":12},"end":{"line":1,"column":26}},"1":{"start":{"line":2,"column":21},"end":{"line":2,"column":52}},"2":{"start":{"line":3,"column":23},"end":{"line":3,"column":56}},"3":{"start":{"line":5,"column":12},"end":{"line":63,"column":2}},"4":{"start":{"line":6,"column":2},"end":{"line":62,"column":5}},"5":{"start":{"line":7,"column":20},"end":{"line":7,"column":49}},"6":{"start":{"line":9,"column":4},"end":{"line":61,"column":5}},"7":{"start":{"line":10,"column":6},"end":{"line":14,"column":10}},"8":{"start":{"line":16,"column":11},"end":{"line":61,"column":5}},"9":{"start":{"line":17,"column":6},"end":{"line":21,"column":10}},"10":{"start":{"line":23,"column":11},"end":{"line":61,"column":5}},"11":{"start":{"line":24,"column":6},"end":{"line":33,"column":10}},"12":{"start":{"line":35,"column":11},"end":{"line":61,"column":5}},"13":{"start":{"line":36,"column":6},"end":{"line":45,"column":10}},"14":{"start":{"line":47,"column":11},"end":{"line":61,"column":5}},"15":{"start":{"line":48,"column":6},"end":{"line":57,"column":10}},"16":{"start":{"line":60,"column":6},"end":{"line":60,"column":108}},"17":{"start":{"line":66,"column":0},"end":{"line":66,"column":21}}},"fnMap":{"0":{"name":"(anonymous_0)","decl":{"start":{"line":5,"column":29},"end":{"line":5,"column":30}},"loc":{"start":{"line":5,"column":39},"end":{"line":63,"column":1}},"line":5},"1":{"name":"(anonymous_1)","decl":{"start":{"line":6,"column":20},"end":{"line":6,"column":21}},"loc":{"start":{"line":6,"column":28},"end":{"line":62,"column":3}},"line":6}},"branchMap":{"0":{"loc":{"start":{"line":9,"column":4},"end":{"line":61,"column":5}},"type":"if","locations":[{"start":{"line":9,"column":4},"end":{"line":61,"column":5}},{"start":{"line":9,"column":4},"end":{"line":61,"column":5}}],"line":9},"1":{"loc":{"start":{"line":9,"column":7},"end":{"line":9,"column":55}},"type":"binary-expr","locations":[{"start":{"line":9,"column":7},"end":{"line":9,"column":27}},{"start":{"line":9,"column":31},"end":{"line":9,"column":55}}],"line":9},"2":{"loc":{"start":{"line":16,"column":11},"end":{"line":61,"column":5}},"type":"if","locations":[{"start":{"line":16,"column":11},"end":{"line":61,"column":5}},{"start":{"line":16,"column":11},"end":{"line":61,"column":5}}],"line":16},"3":{"loc":{"start":{"line":16,"column":14},"end":{"line":16,"column":67}},"type":"binary-expr","locations":[{"start":{"line":16,"column":14},"end":{"line":16,"column":38}},{"start":{"line":16,"column":42},"end":{"line":16,"column":67}}],"line":16},"4":{"loc":{"start":{"line":23,"column":11},"end":{"line":61,"column":5}},"type":"if","locations":[{"start":{"line":23,"column":11},"end":{"line":61,"column":5}},{"start":{"line":23,"column":11},"end":{"line":61,"column":5}}],"line":23},"5":{"loc":{"start":{"line":23,"column":14},"end":{"line":23,"column":65}},"type":"binary-expr","locations":[{"start":{"line":23,"column":14},"end":{"line":23,"column":37}},{"start":{"line":23,"column":41},"end":{"line":23,"column":65}}],"line":23},"6":{"loc":{"start":{"line":35,"column":11},"end":{"line":61,"column":5}},"type":"if","locations":[{"start":{"line":35,"column":11},"end":{"line":61,"column":5}},{"start":{"line":35,"column":11},"end":{"line":61,"column":5}}],"line":35},"7":{"loc":{"start":{"line":35,"column":14},"end":{"line":35,"column":67}},"type":"binary-expr","locations":[{"start":{"line":35,"column":14},"end":{"line":35,"column":39}},{"start":{"line":35,"column":43},"end":{"line":35,"column":67}}],"line":35},"8":{"loc":{"start":{"line":47,"column":11},"end":{"line":61,"column":5}},"type":"if","locations":[{"start":{"line":47,"column":11},"end":{"line":61,"column":5}},{"start":{"line":47,"column":11},"end":{"line":61,"column":5}}],"line":47},"9":{"loc":{"start":{"line":47,"column":14},"end":{"line":47,"column":66}},"type":"binary-expr","locations":[{"start":{"line":47,"column":14},"end":{"line":47,"column":38}},{"start":{"line":47,"column":42},"end":{"line":47,"column":66}}],"line":47}},"s":{"0":1,"1":1,"2":1,"3":1,"4":6,"5":6,"6":6,"7":1,"8":5,"9":1,"10":4,"11":1,"12":3,"13":1,"14":2,"15":1,"16":1,"17":1},"f":{"0":6,"1":6},"b":{"0":[1,5],"1":[6,1],"2":[1,4],"3":[5,1],"4":[1,3],"5":[4,1],"6":[1,2],"7":[3,1],"8":[1,1],"9":[2,1]},"_coverageSchema":"43e27e138ebf9cfc5966b082cf9a028302ed4184","hash":"a21fa3862a5b88a36ce6f36dd41ca1c9dffadb88"}
,"/Users/janellemellor/alchemy/career-track/http-with-net/lib/utils/createResponse.js": {"path":"/Users/janellemellor/alchemy/career-track/http-with-net/lib/utils/createResponse.js","statementMap":{"0":{"start":{"line":10,"column":0},"end":{"line":12,"column":2}},"1":{"start":{"line":11,"column":2},"end":{"line":11,"column":125}}},"fnMap":{"0":{"name":"(anonymous_0)","decl":{"start":{"line":10,"column":17},"end":{"line":10,"column":18}},"loc":{"start":{"line":10,"column":82},"end":{"line":12,"column":1}},"line":10}},"branchMap":{"0":{"loc":{"start":{"line":10,"column":20},"end":{"line":10,"column":29}},"type":"default-arg","locations":[{"start":{"line":10,"column":27},"end":{"line":10,"column":29}}],"line":10},"1":{"loc":{"start":{"line":10,"column":31},"end":{"line":10,"column":56}},"type":"default-arg","locations":[{"start":{"line":10,"column":45},"end":{"line":10,"column":56}}],"line":10},"2":{"loc":{"start":{"line":10,"column":58},"end":{"line":10,"column":75}},"type":"default-arg","locations":[{"start":{"line":10,"column":67},"end":{"line":10,"column":75}}],"line":10}},"s":{"0":2,"1":7},"f":{"0":7},"b":{"0":[0],"1":[0],"2":[0]},"_coverageSchema":"43e27e138ebf9cfc5966b082cf9a028302ed4184","hash":"41710fa812751eb601baaba879ea592d74eb9196"}
,"/Users/janellemellor/alchemy/career-track/http-with-net/lib/utils/parseRequest.js": {"path":"/Users/janellemellor/alchemy/career-track/http-with-net/lib/utils/parseRequest.js","statementMap":{"0":{"start":{"line":1,"column":0},"end":{"line":14,"column":2}},"1":{"start":{"line":2,"column":18},"end":{"line":2,"column":49}},"2":{"start":{"line":4,"column":27},"end":{"line":4,"column":59}},"3":{"start":{"line":6,"column":15},"end":{"line":6,"column":46}},"4":{"start":{"line":8,"column":2},"end":{"line":12,"column":4}}},"fnMap":{"0":{"name":"(anonymous_0)","decl":{"start":{"line":1,"column":17},"end":{"line":1,"column":18}},"loc":{"start":{"line":1,"column":31},"end":{"line":14,"column":1}},"line":1}},"branchMap":{},"s":{"0":2,"1":8,"2":8,"3":8,"4":8},"f":{"0":8},"b":{},"_coverageSchema":"43e27e138ebf9cfc5966b082cf9a028302ed4184","hash":"fd2be4af7dd3b1433499879e13a5b6ee44b75d17"}
}
