TN:
SF:/Users/janellemellor/alchemy/career-track/http-with-net/lib/app.js
FN:5,(anonymous_0)
FN:6,(anonymous_1)
FNF:2
FNH:2
FNDA:3,(anonymous_0)
FNDA:3,(anonymous_1)
DA:1,1
DA:2,1
DA:3,1
DA:5,1
DA:6,3
DA:7,3
DA:9,3
DA:10,1
DA:16,2
DA:17,1
DA:28,1
DA:29,1
DA:45,3
DA:58,1
LF:14
LH:14
BRDA:9,0,0,1
BRDA:9,0,1,2
BRDA:9,1,0,3
BRDA:9,1,1,1
BRDA:16,2,0,1
BRDA:16,2,1,1
BRDA:16,3,0,2
BRDA:16,3,1,1
BRDA:28,4,0,1
BRDA:28,4,1,0
BRDA:28,5,0,1
BRDA:28,5,1,1
BRF:12
BRH:11
end_of_record
TN:
SF:/Users/janellemellor/alchemy/career-track/http-with-net/lib/utils/createResponse.js
FN:1,(anonymous_0)
FNF:1
FNH:1
FNDA:7,(anonymous_0)
DA:1,2
DA:2,7
LF:2
LH:2
BRDA:1,0,0,0
BRDA:1,1,0,0
BRDA:1,2,0,0
BRF:3
BRH:0
end_of_record
TN:
SF:/Users/janellemellor/alchemy/career-track/http-with-net/lib/utils/parseRequest.js
FN:1,(anonymous_0)
FNF:1
FNH:1
FNDA:5,(anonymous_0)
DA:1,2
DA:2,5
DA:4,5
DA:6,5
DA:8,5
LF:5
LH:5
BRF:0
BRH:0
end_of_record
